Arguments: 
  D:\node\node.exe D:\node\node_global\node_modules\yarn\bin\yarn.js add water-ui/dist/style/components/top-bar.scss --silent --no-progress

PATH: 
  D:\node\node_global\node_modules\npm\node_modules\npm-lifecycle\node-gyp-bin;E:\wulong_wechatApp\wulong_wechatApp\node_modules\.bin;D:\node\node_global\node_modules\npm\node_modules\npm-lifecycle\node-gyp-bin;E:\wulong_wechatApp\wulong_wechatApp\node_modules\.bin;C:\Program Files (x86)\Common Files\Oracle\Java\javapath;C:\WINDOWS\system32;C:\WINDOWS;C:\WINDOWS\System32\Wbem;C:\WINDOWS\System32\WindowsPowerShell\v1.0\;C:\WINDOWS\System32\OpenSSH\;D:\node\;D:\git\Git\cmd;C:\Users\TKHD\AppData\Local\Android\Sdk;E:\mysql-8.0.17-winx64\bin;C:\Users\TKHD\AppData\Local\Microsoft\WindowsApps;C:\VSCode\bin;C:\Users\TKHD\AppData\Roaming\npm;D:\\node\\node_global;C:\Users\TKHD\AppData\Local\Android\Sdk;E:\adb;C:\Program Files\Java\jdk1.8.0_221bin;C:\Program Files\Java\jdk1.8.0_221jre\bin;E:\mysql-8.0.17-winx64\bin;

Yarn version: 
  1.19.1

Node version: 
  10.15.3

Platform: 
  win32 x64

Trace: 
  Error: https://registry.npm.taobao.org/water-ui: Not found
      at Request.params.callback [as _callback] (D:\node\node_global\node_modules\yarn\lib\cli.js:66926:18)
      at Request.self.callback (D:\node\node_global\node_modules\yarn\lib\cli.js:140564:22)
      at Request.emit (events.js:189:13)
      at Request.<anonymous> (D:\node\node_global\node_modules\yarn\lib\cli.js:141536:10)
      at Request.emit (events.js:189:13)
      at IncomingMessage.<anonymous> (D:\node\node_global\node_modules\yarn\lib\cli.js:141458:12)
      at Object.onceWrapper (events.js:277:13)
      at IncomingMessage.emit (events.js:194:15)
      at endReadableNT (_stream_readable.js:1125:12)
      at process._tickCallback (internal/process/next_tick.js:63:19)

npm manifest: 
  {
    "name": "wulong_wechatApp",
    "version": "1.0.0",
    "private": true,
    "description": "wl_wechatApp",
    "templateInfo": {
      "name": "redux",
      "typescript": true,
      "css": "sass"
    },
    "scripts": {
      "build:weapp": "taro build --type weapp",
      "build:swan": "taro build --type swan",
      "build:alipay": "taro build --type alipay",
      "build:tt": "taro build --type tt",
      "build:h5": "taro build --type h5",
      "build:rn": "taro build --type rn",
      "build:qq": "taro build --type qq",
      "build:quickapp": "taro build --type quickapp",
      "dev:weapp": "npm run build:weapp -- --watch",
      "dev:swan": "npm run build:swan -- --watch",
      "dev:alipay": "npm run build:alipay -- --watch",
      "dev:tt": "npm run build:tt -- --watch",
      "dev:h5": "npm run build:h5 -- --watch",
      "dev:rn": "npm run build:rn -- --watch",
      "dev:qq": "npm run build:qq -- --watch",
      "dev:quickapp": "npm run build:quickapp -- --watch"
    },
    "author": "",
    "license": "MIT",
    "dependencies": {
      "@tarojs/async-await": "1.3.27",
      "@tarojs/components": "1.3.27",
      "@tarojs/components-qa": "1.3.27",
      "@tarojs/redux": "1.3.27",
      "@tarojs/redux-h5": "1.3.27",
      "@tarojs/router": "1.3.27",
      "@tarojs/taro": "1.3.27",
      "@tarojs/taro-alipay": "1.3.27",
      "@tarojs/taro-h5": "1.3.27",
      "@tarojs/taro-qq": "1.3.27",
      "@tarojs/taro-quickapp": "1.3.27",
      "@tarojs/taro-swan": "1.3.27",
      "@tarojs/taro-tt": "1.3.27",
      "@tarojs/taro-weapp": "1.3.27",
      "@tarojs/taro-rn": "1.3.27",
      "nervjs": "^1.5.5",
      "nerv-devtools": "^1.5.5",
      "redux": "^4.0.0",
      "redux-logger": "^3.0.6",
      "redux-thunk": "^2.3.0",
      "taro-ui": "^2.2.2",
      "wxml2canvas": "^1.0.1",
      "taro-plugin-canvas": "^1.0.7",
      "lodash": "^4.17.15",
      "water-ui":"git@git.code.tencent.com:frontend_package/water-ui.git"
    },
    "devDependencies": {
      "@types/react": "^16.4.8",
      "@types/webpack-env": "^1.13.6",
      "@tarojs/plugin-babel": "1.3.27",
      "@tarojs/plugin-csso": "1.3.27",
      "@tarojs/plugin-sass": "1.3.27",
      "@tarojs/plugin-uglifyjs": "1.3.27",
      "@tarojs/webpack-runner": "1.3.27",
      "babel-plugin-transform-class-properties": "^6.24.1",
      "babel-plugin-transform-decorators-legacy": "^1.3.4",
      "babel-plugin-transform-jsx-stylesheet": "^0.6.5",
      "babel-plugin-transform-object-rest-spread": "^6.26.0",
      "babel-preset-env": "^1.6.1",
      "babel-eslint": "^8.2.3",
      "eslint": "^5.16.0",
      "eslint-config-taro": "1.3.27",
      "eslint-plugin-react": "^7.8.2",
      "eslint-plugin-react-hooks": "^1.6.1",
      "eslint-plugin-import": "^2.12.0",
      "stylelint": "9.3.0",
      "stylelint-config-taro-rn": "1.3.27",
      "stylelint-taro-rn": "1.3.27",
      "eslint-plugin-taro": "1.3.27",
      "@typescript-eslint/eslint-plugin": "^2.13.0",
      "@typescript-eslint/parser": "^2.13.0",
      "typescript": "^3.0.1"
    }
  }

yarn manifest: 
  No manifest

Lockfile: 
  # THIS IS AN AUTOGENERATED FILE. DO NOT EDIT THIS FILE DIRECTLY.
  # yarn lockfile v1
